<?xml version="1.0" encoding="UTF-8"?>
<testsuite name="test.pivotal.pal.tracker.TimeEntryControllerTest" tests="7" skipped="0" failures="0" errors="0" timestamp="2020-05-25T22:46:13" hostname="DESKTOP-BMEC1S0" time="2.765">
  <properties/>
  <testcase name="testList()" classname="test.pivotal.pal.tracker.TimeEntryControllerTest" time="2.691"/>
  <testcase name="testRead()" classname="test.pivotal.pal.tracker.TimeEntryControllerTest" time="0.011"/>
  <testcase name="testRead_NotFound()" classname="test.pivotal.pal.tracker.TimeEntryControllerTest" time="0.016"/>
  <testcase name="testUpdate_NotFound()" classname="test.pivotal.pal.tracker.TimeEntryControllerTest" time="0.013"/>
  <testcase name="testCreate()" classname="test.pivotal.pal.tracker.TimeEntryControllerTest" time="0.005"/>
  <testcase name="testDelete()" classname="test.pivotal.pal.tracker.TimeEntryControllerTest" time="0.007"/>
  <testcase name="testUpdate()" classname="test.pivotal.pal.tracker.TimeEntryControllerTest" time="0.004"/>
  <system-out><![CDATA[]]></system-out>
  <system-err><![CDATA[]]></system-err>
</testsuite>
