<?xml version="1.0" encoding="UTF-8"?>
<testsuite name="test.pivotal.pal.tracker.WelcomeControllerTest" tests="1" skipped="0" failures="0" errors="0" timestamp="2020-05-18T18:28:05" hostname="DESKTOP-BMEC1S0" time="0.002">
  <properties/>
  <testcase name="itSaysHello()" classname="test.pivotal.pal.tracker.WelcomeControllerTest" time="0.002"/>
  <system-out><![CDATA[]]></system-out>
  <system-err><![CDATA[]]></system-err>
</testsuite>
