<?xml version="1.0" encoding="UTF-8"?>
<testsuite name="test.pivotal.pal.trackerapi.WelcomeApiTest" tests="1" skipped="0" failures="0" errors="0" timestamp="2020-05-25T22:46:32" hostname="DESKTOP-BMEC1S0" time="0.045">
  <properties/>
  <testcase name="exampleTest()" classname="test.pivotal.pal.trackerapi.WelcomeApiTest" time="0.045"/>
  <system-out><![CDATA[2020-05-25 18:46:32.299  INFO 13256 --- [    Test worker] .b.t.c.SpringBootTestContextBootstrapper : Neither @ContextConfiguration nor @ContextHierarchy found for test class [test.pivotal.pal.trackerapi.WelcomeApiTest], using SpringBootContextLoader
2020-05-25 18:46:32.301  INFO 13256 --- [    Test worker] o.s.t.c.support.AbstractContextLoader    : Could not detect default resource locations for test class [test.pivotal.pal.trackerapi.WelcomeApiTest]: no resource found for suffixes {-context.xml, Context.groovy}.
2020-05-25 18:46:32.313  INFO 13256 --- [    Test worker] .b.t.c.SpringBootTestContextBootstrapper : Loaded default TestExecutionListener class names from location [META-INF/spring.factories]: [org.springframework.boot.test.autoconfigure.restdocs.RestDocsTestExecutionListener, org.springframework.boot.test.autoconfigure.web.client.MockRestServiceServerResetTestExecutionListener, org.springframework.boot.test.autoconfigure.web.servlet.MockMvcPrintOnlyOnFailureTestExecutionListener, org.springframework.boot.test.autoconfigure.web.servlet.WebDriverTestExecutionListener, org.springframework.boot.test.mock.mockito.MockitoTestExecutionListener, org.springframework.boot.test.mock.mockito.ResetMocksTestExecutionListener, org.springframework.test.context.web.ServletTestExecutionListener, org.springframework.test.context.support.DirtiesContextBeforeModesTestExecutionListener, org.springframework.test.context.support.DependencyInjectionTestExecutionListener, org.springframework.test.context.support.DirtiesContextTestExecutionListener, org.springframework.test.context.transaction.TransactionalTestExecutionListener, org.springframework.test.context.jdbc.SqlScriptsTestExecutionListener, org.springframework.test.context.event.EventPublishingTestExecutionListener]
2020-05-25 18:46:32.319  INFO 13256 --- [    Test worker] .b.t.c.SpringBootTestContextBootstrapper : Using TestExecutionListeners: [org.springframework.test.context.web.ServletTestExecutionListener@49922b81, org.springframework.test.context.support.DirtiesContextBeforeModesTestExecutionListener@e51717c, org.springframework.boot.test.mock.mockito.MockitoTestExecutionListener@f80e6a4, org.springframework.boot.test.autoconfigure.SpringBootDependencyInjectionTestExecutionListener@7b5ba72d, org.springframework.test.context.support.DirtiesContextTestExecutionListener@234d55e4, org.springframework.test.context.event.EventPublishingTestExecutionListener@26921a60, org.springframework.boot.test.autoconfigure.restdocs.RestDocsTestExecutionListener@2eaf6dd0, org.springframework.boot.test.autoconfigure.web.client.MockRestServiceServerResetTestExecutionListener@8ebd5e7, org.springframework.boot.test.autoconfigure.web.servlet.MockMvcPrintOnlyOnFailureTestExecutionListener@4140536b, org.springframework.boot.test.autoconfigure.web.servlet.WebDriverTestExecutionListener@77b71039, org.springframework.boot.test.mock.mockito.ResetMocksTestExecutionListener@22a332f2]
]]></system-out>
  <system-err><![CDATA[]]></system-err>
</testsuite>
